d:\projects vs\maxlab\treell\x64\debug\treell.pch
d:\projects vs\maxlab\treell\x64\debug\vc143.pdb
d:\projects vs\maxlab\treell\x64\debug\vc143.idb
d:\projects vs\maxlab\treell\x64\debug\pch.obj
d:\projects vs\maxlab\treell\x64\debug\dllmain.obj
d:\projects vs\maxlab\treell\x64\debug\treell.obj
d:\projects vs\maxlab\treell\x64\debug\tree.obj
d:\projects vs\maxlab\treell\x64\debug\node.obj
d:\projects vs\maxlab\x64\debug\treell.dll
d:\projects vs\maxlab\treell\x64\debug\treell.ilk
d:\projects vs\maxlab\x64\debug\treell.pdb
d:\projects vs\maxlab\x64\debug\treell.lib
d:\projects vs\maxlab\x64\debug\treell.exp
d:\projects vs\maxlab\treell\x64\debug\treell.tlog\cl.command.1.tlog
d:\projects vs\maxlab\treell\x64\debug\treell.tlog\cl.read.1.tlog
d:\projects vs\maxlab\treell\x64\debug\treell.tlog\cl.write.1.tlog
d:\projects vs\maxlab\treell\x64\debug\treell.tlog\link.7632.delete.1.tlog
d:\projects vs\maxlab\treell\x64\debug\treell.tlog\link.command.1.tlog
d:\projects vs\maxlab\treell\x64\debug\treell.tlog\link.read.1.tlog
d:\projects vs\maxlab\treell\x64\debug\treell.tlog\link.write.1.tlog
d:\projects vs\maxlab\treell\x64\debug\treell.tlog\treell.write.1u.tlog
